2023-03-21 14:45:50: LOG: Export: X:/Art/1_Assets/3_Animation/FBX/Player/Main/Capsule/ANI_Player_GreatSword_Ultimate_001.fbx
2023-03-21 14:45:50: LOG: [WARNING] Constraints export failed - The scene contains constraints. Activate the Export constraints or Bake Animation options before exporting.

2023-03-21 14:54:47: LOG: Export: X:/Art/1_Assets/3_Animation/FBX/Player/Main/Capsule/ANI_Player_GreatSword_Ultimate_001.fbx
2023-03-21 14:54:47: LOG: [WARNING] Constraints export failed - The scene contains constraints. Activate the Export constraints or Bake Animation options before exporting.

2023-03-21 14:57:02: LOG: Export: X:/Art/1_Assets/3_Animation/FBX/Player/Main/Capsule/ANI_Player_GreatSword_Ultimate_001.fbx
2023-03-21 14:57:02: LOG: [WARNING] Constraints export failed - The scene contains constraints. Activate the Export constraints or Bake Animation options before exporting.

2023-03-21 15:22:32: LOG: Export: X:/Art/1_Assets/3_Animation/FBX/Player/Main/Capsule/ANI_Player_GreatSword_Skill_001.fbx
2023-03-21 15:22:32: LOG: [WARNING] Constraints export failed - The scene contains constraints. Activate the Export constraints or Bake Animation options before exporting.

2023-03-21 18:22:40: LOG: Export: X:/Art/1_Assets/2_Rig/FBX/SkinnedMeshes/Player/Bip/Capsule/SK_Weapon_Bow_001.fbx
2023-03-21 18:22:40: LOG: [WARNING] Constraints export failed - The scene contains constraints. Activate the Export constraints or Bake Animation options before exporting.

2023-03-21 18:24:26: LOG: Export: X:/Art/1_Assets/2_Rig/FBX/SkinnedMeshes/Player/Bip/Capsule/SK_Weapon_Bow_001.fbx
2023-03-21 18:24:26: LOG: [WARNING] Constraints export failed - The scene contains constraints. Activate the Export constraints or Bake Animation options before exporting.

2023-03-21 18:28:43: LOG: Export: X:/Art/1_Assets/2_Rig/FBX/SkinnedMeshes/Player/Bip/Capsule/SK_Weapon_Bow_001.fbx
2023-03-21 18:28:43: LOG: [WARNING] Constraints export failed - The scene contains constraints. Activate the Export constraints or Bake Animation options before exporting.

2023-03-21 18:33:24: LOG: Export: X:/Art/1_Assets/2_Rig/FBX/SkinnedMeshes/Player/Bip/Capsule/SK_Weapon_Bow_001.fbx
2023-03-21 18:33:24: LOG: [WARNING] Constraints export failed - The scene contains constraints. Activate the Export constraints or Bake Animation options before exporting.

2023-03-21 18:34:24: LOG: Export: X:/Art/1_Assets/2_Rig/FBX/SkinnedMeshes/Player/Bip/Capsule/SK_Weapon_Bow_001.fbx
2023-03-21 18:34:24: LOG: [WARNING] Constraints export failed - The scene contains constraints. Activate the Export constraints or Bake Animation options before exporting.

2023-03-21 18:41:30: LOG: Export: X:/Art/1_Assets/2_Rig/FBX/SkinnedMeshes/Player/Bip/Capsule/SK_Weapon_Bow_001.fbx
2023-03-21 18:41:31: LOG: [WARNING] Constraints export failed - The scene contains constraints. Activate the Export constraints or Bake Animation options before exporting.

2023-03-23 14:27:54: LOG: Export: X:/Art/1_Assets/3_Animation/FBX/Player/Main/Capsule/ANI_Player_GreatSword_Move_001.fbx
2023-03-23 14:27:54: LOG: [WARNING] Constraints export failed - The scene contains constraints. Activate the Export constraints or Bake Animation options before exporting.

2023-03-23 14:27:54: LOG: [WARNING] The FBX plug-in does not support assets created with the Advanced Asset menu. - The following container(s) will be ignored: BakeResultsContainer BakeResults1Container
2023-03-23 14:34:34: LOG: Export: X:/Art/1_Assets/3_Animation/FBX/Player/Greatesword/ANI_Player_GreatSword_Move_001.fbx
2023-03-23 14:34:34: LOG: [WARNING] Constraints export failed - The scene contains constraints. Activate the Export constraints or Bake Animation options before exporting.

2023-03-23 14:34:34: LOG: [WARNING] The FBX plug-in does not support assets created with the Advanced Asset menu. - The following container(s) will be ignored: BakeResultsContainer BakeResults1Container
2023-03-23 14:38:01: LOG: Export: X:/Art/1_Assets/3_Animation/FBX/Player/Greatesword/ANI_Player_GreatSword_Move_001.fbx
2023-03-23 14:38:01: LOG: [WARNING] Constraints export failed - The scene contains constraints. Activate the Export constraints or Bake Animation options before exporting.

2023-03-23 14:38:01: LOG: [WARNING] The FBX plug-in does not support assets created with the Advanced Asset menu. - The following container(s) will be ignored: BakeResultsContainer BakeResults1Container
2023-03-23 14:43:22: LOG: Export: X:/Art/1_Assets/3_Animation/FBX/Player/Greatesword/ANI_Player_GreatSword_Move_001.fbx
2023-03-23 14:43:23: LOG: [WARNING] Constraints export failed - The scene contains constraints. Activate the Export constraints or Bake Animation options before exporting.

2023-03-23 14:43:23: LOG: [WARNING] The FBX plug-in does not support assets created with the Advanced Asset menu. - The following container(s) will be ignored: BakeResultsContainer BakeResults1Container
2023-03-23 15:28:25: LOG: Export: X:/Art/1_Assets/3_Animation/FBX/Player/Greatesword/ANI_Player_GreatSword_Idle_001.fbx
2023-03-23 15:28:25: LOG: [WARNING] Constraints export failed - The scene contains constraints. Activate the Export constraints or Bake Animation options before exporting.

2023-03-23 15:33:13: LOG: Export: X:/Art/1_Assets/3_Animation/FBX/Player/Greatesword/ANI_Player_GreatSword_Idle_001.fbx
2023-03-23 15:33:13: LOG: [WARNING] Constraints export failed - The scene contains constraints. Activate the Export constraints or Bake Animation options before exporting.

2023-03-23 15:34:21: LOG: Export: X:/Art/1_Assets/3_Animation/FBX/Player/Greatesword/ANI_Player_GreatSword_Idle_001.fbx
2023-03-23 15:34:21: LOG: [WARNING] Constraints export failed - The scene contains constraints. Activate the Export constraints or Bake Animation options before exporting.

2023-03-23 15:45:36: LOG: Export: X:/Art/1_Assets/3_Animation/FBX/Player/Greatesword/ANI_Player_GreatSword_Idle_001.fbx
2023-03-23 15:45:36: LOG: [WARNING] Constraints export failed - The scene contains constraints. Activate the Export constraints or Bake Animation options before exporting.

2023-03-23 15:56:06: LOG: Export: X:/Art/1_Assets/3_Animation/FBX/Player/Greatesword/ANI_Player_GreatSword_Idle_001.fbx
2023-03-23 15:56:06: LOG: [WARNING] Constraints export failed - The scene contains constraints. Activate the Export constraints or Bake Animation options before exporting.

2023-03-23 16:15:13: LOG: Export: X:/Art/1_Assets/3_Animation/FBX/Player/Greatesword/ANI_Player_GreatSword_Dodge_001.fbx
2023-03-23 16:15:13: LOG: [WARNING] Constraints export failed - The scene contains constraints. Activate the Export constraints or Bake Animation options before exporting.

2023-03-23 16:15:13: LOG: [WARNING] The FBX plug-in does not support assets created with the Advanced Asset menu. - The following container(s) will be ignored: BakeResultsContainer BakeResults1Container BakeResultsContainer1 BakeResults2Container BakeResults3Container BakeResultsContainer2 BakeResults4Container BakeResults5Container
2023-03-23 16:20:10: LOG: Export: X:/Art/1_Assets/3_Animation/FBX/Player/Greatesword/ANI_Player_GreatSword_Dodge_001.fbx
2023-03-23 16:20:10: LOG: [WARNING] Constraints export failed - The scene contains constraints. Activate the Export constraints or Bake Animation options before exporting.

2023-03-23 16:20:10: LOG: [WARNING] The FBX plug-in does not support assets created with the Advanced Asset menu. - The following container(s) will be ignored: BakeResultsContainer BakeResults1Container BakeResultsContainer1 BakeResults2Container BakeResults3Container BakeResultsContainer2 BakeResults4Container BakeResults5Container
2023-03-23 16:24:06: LOG: Export: X:/Art/1_Assets/3_Animation/FBX/Player/Greatesword/ANI_Player_GreatSword_Idle_001.fbx
2023-03-23 16:24:07: LOG: [WARNING] Constraints export failed - The scene contains constraints. Activate the Export constraints or Bake Animation options before exporting.

2023-03-23 16:25:58: LOG: Export: X:/Art/1_Assets/3_Animation/FBX/Player/Greatesword/ANI_Player_GreatSword_Idle_001.fbx
2023-03-23 16:25:59: LOG: [WARNING] Constraints export failed - The scene contains constraints. Activate the Export constraints or Bake Animation options before exporting.

2023-03-23 16:27:04: LOG: Export: X:/Art/1_Assets/3_Animation/FBX/Player/Greatesword/ANI_Player_GreatSword_Idle_001.fbx
2023-03-23 16:27:04: LOG: [WARNING] Constraints export failed - The scene contains constraints. Activate the Export constraints or Bake Animation options before exporting.

2023-03-23 16:28:12: LOG: Export: X:/Art/1_Assets/3_Animation/FBX/Player/Greatesword/ANI_Player_GreatSword_Idle_001.fbx
2023-03-23 16:28:12: LOG: [WARNING] Constraints export failed - The scene contains constraints. Activate the Export constraints or Bake Animation options before exporting.

2023-03-23 17:30:09: LOG: Export: X:/Art/1_Assets/3_Animation/FBX/Player/Greatesword/ANI_Player_GreatSword_Attack_001.fbx
2023-03-23 17:30:09: LOG: [WARNING] Constraints export failed - The scene contains constraints. Activate the Export constraints or Bake Animation options before exporting.

2023-03-23 17:38:29: LOG: Export: X:/Art/1_Assets/3_Animation/FBX/Player/Greatesword/ANI_Player_GreatSword_Attack_001.fbx
2023-03-23 17:38:29: LOG: [WARNING] Constraints export failed - The scene contains constraints. Activate the Export constraints or Bake Animation options before exporting.

2023-03-23 17:48:28: LOG: Export: X:/Art/1_Assets/3_Animation/FBX/Player/Greatesword/ANI_Player_GreatSword_Attack_001.fbx
2023-03-23 17:48:28: LOG: [WARNING] Constraints export failed - The scene contains constraints. Activate the Export constraints or Bake Animation options before exporting.

2023-03-23 17:52:05: LOG: Export: X:/Art/1_Assets/3_Animation/FBX/Player/Greatesword/ANI_Player_GreatSword_Attack_001.fbx
2023-03-23 17:52:06: LOG: [WARNING] Constraints export failed - The scene contains constraints. Activate the Export constraints or Bake Animation options before exporting.

2023-03-23 18:12:54: LOG: Export: X:/Art/1_Assets/2_Rig/FBX/SkinnedMeshes/Player/Bip/Capsule/SK_Player_Timeless002.fbx
2023-03-23 18:12:54: LOG: [WARNING] Skin Definition - The plug-in has found the following skin definition problems :  Unable to find the bind pose for :  / SK_Player_Timeless002 / DeformationSystem. Use the DAG node current transform. Unable to find the bind pose for :  / SK_Player_Timeless002 / DeformationSystem / Root / Hand_R. No bind poses in the hierarchy containing the object will be exported. Unable to find the bind pose for :  / SK_Player_Timeless002 / DeformationSystem / Root / Hand_L. No bind poses in the hierarchy containing the object will be exported. Unable to find the bind pose for :  / SK_Player_Timeless002 / DeformationSystem / Root / Foot_R. No bind poses in the hierarchy containing the object will be exported. Unable to find the bind pose for :  / SK_Player_Timeless002 / DeformationSystem / Root / Toe_R. No bind poses in the hierarchy containing the object will be exported. Unable to find the bind pose for :  / SK_Player_Timeless002 / DeformationSystem / Root / Foot_L. No bind poses in the hierarchy containing the 
2023-03-23 18:12:54: LOG: [WARNING] Constraints export failed - The scene contains constraints. Activate the Export constraints or Bake Animation options before exporting.

2023-03-23 18:12:55: LOG: Export: X:/Art/1_Assets/2_Rig/FBX/SkinnedMeshes/Player/Bip/Capsule/SK_Player_Default003.fbx
2023-03-23 18:12:55: LOG: [WARNING] Skin Definition - The plug-in has found the following skin definition problems :  Unable to find the bind pose for :  / SK_Player_Default003 / DeformationSystem. Use the DAG node current transform. Unable to find the bind pose for :  / SK_Player_Default003 / DeformationSystem / Root / Hand_R. No bind poses in the hierarchy containing the object will be exported. Unable to find the bind pose for :  / SK_Player_Default003 / DeformationSystem / Root / Hand_L. No bind poses in the hierarchy containing the object will be exported. Unable to find the bind pose for :  / SK_Player_Default003 / DeformationSystem / Root / Foot_R. No bind poses in the hierarchy containing the object will be exported. Unable to find the bind pose for :  / SK_Player_Default003 / DeformationSystem / Root / Toe_R. No bind poses in the hierarchy containing the object will be exported. Unable to find the bind pose for :  / SK_Player_Default003 / DeformationSystem / Root / Foot_L. No bind poses in the hierarchy containing the object
2023-03-23 18:12:55: LOG: [WARNING] Constraints export failed - The scene contains constraints. Activate the Export constraints or Bake Animation options before exporting.

2023-03-23 18:12:56: LOG: Export: X:/Art/1_Assets/2_Rig/FBX/SkinnedMeshes/Player/Bip/Capsule/SK_Player_Default002.fbx
2023-03-23 18:12:56: LOG: [WARNING] Skin Definition - The plug-in has found the following skin definition problems :  Unable to find the bind pose for :  / SK_Player_Default002 / DeformationSystem. Use the DAG node current transform. Unable to find the bind pose for :  / SK_Player_Default002 / DeformationSystem / Root / Hand_R. No bind poses in the hierarchy containing the object will be exported. Unable to find the bind pose for :  / SK_Player_Default002 / DeformationSystem / Root / Hand_L. No bind poses in the hierarchy containing the object will be exported. Unable to find the bind pose for :  / SK_Player_Default002 / DeformationSystem / Root / Foot_R. No bind poses in the hierarchy containing the object will be exported. Unable to find the bind pose for :  / SK_Player_Default002 / DeformationSystem / Root / Toe_R. No bind poses in the hierarchy containing the object will be exported. Unable to find the bind pose for :  / SK_Player_Default002 / DeformationSystem / Root / Foot_L. No bind poses in the hierarchy containing the object
2023-03-23 18:12:56: LOG: [WARNING] Constraints export failed - The scene contains constraints. Activate the Export constraints or Bake Animation options before exporting.

2023-03-23 18:12:57: LOG: Export: X:/Art/1_Assets/2_Rig/FBX/SkinnedMeshes/Player/Bip/Capsule/SK_Player_Default.fbx
2023-03-23 18:12:57: LOG: [WARNING] Skin Definition - The plug-in has found the following skin definition problems :  Unable to find the bind pose for :  / SK_Player_Default / DeformationSystem. Use the DAG node current transform. Unable to find the bind pose for :  / SK_Player_Default / DeformationSystem / Root / Hand_R. No bind poses in the hierarchy containing the object will be exported. Unable to find the bind pose for :  / SK_Player_Default / DeformationSystem / Root / Hand_L. No bind poses in the hierarchy containing the object will be exported. Unable to find the bind pose for :  / SK_Player_Default / DeformationSystem / Root / Foot_R. No bind poses in the hierarchy containing the object will be exported. Unable to find the bind pose for :  / SK_Player_Default / DeformationSystem / Root / Toe_R. No bind poses in the hierarchy containing the object will be exported. Unable to find the bind pose for :  / SK_Player_Default / DeformationSystem / Root / Foot_L. No bind poses in the hierarchy containing the object will be exported.
2023-03-23 18:12:57: LOG: [WARNING] Constraints export failed - The scene contains constraints. Activate the Export constraints or Bake Animation options before exporting.

2023-03-23 18:12:58: LOG: Export: X:/Art/1_Assets/2_Rig/FBX/SkinnedMeshes/Player/Bip/Capsule/SK_Player_Penguin002.fbx
2023-03-23 18:12:58: LOG: [WARNING] Constraints export failed - The scene contains constraints. Activate the Export constraints or Bake Animation options before exporting.

2023-03-23 18:12:59: LOG: Export: X:/Art/1_Assets/2_Rig/FBX/SkinnedMeshes/Player/Bip/Capsule/SK_Player_Empty.fbx
2023-03-23 18:12:59: LOG: [WARNING] Skin Definition - The plug-in has found the following skin definition problems :  Unable to find the bind pose for :  / SK_Player_Empty / DeformationSystem. Use the DAG node current transform. Unable to find the bind pose for :  / SK_Player_Empty / DeformationSystem / Root / Hand_R. No bind poses in the hierarchy containing the object will be exported. Unable to find the bind pose for :  / SK_Player_Empty / DeformationSystem / Root / Hand_L. No bind poses in the hierarchy containing the object will be exported. Unable to find the bind pose for :  / SK_Player_Empty / DeformationSystem / Root / Foot_R. No bind poses in the hierarchy containing the object will be exported. Unable to find the bind pose for :  / SK_Player_Empty / DeformationSystem / Root / Toe_R. No bind poses in the hierarchy containing the object will be exported. Unable to find the bind pose for :  / SK_Player_Empty / DeformationSystem / Root / Foot_L. No bind poses in the hierarchy containing the object will be exported. Unable to f
2023-03-23 18:12:59: LOG: [WARNING] Constraints export failed - The scene contains constraints. Activate the Export constraints or Bake Animation options before exporting.

2023-03-23 18:13:00: LOG: Export: X:/Art/1_Assets/2_Rig/FBX/SkinnedMeshes/Player/Bip/Capsule/SK_Player_Penguin001.fbx
2023-03-23 18:13:01: LOG: [WARNING] Constraints export failed - The scene contains constraints. Activate the Export constraints or Bake Animation options before exporting.

2023-03-23 18:13:01: LOG: Export: X:/Art/1_Assets/2_Rig/FBX/SkinnedMeshes/Player/Bip/Capsule/SK_Player_Default004.fbx
2023-03-23 18:13:02: LOG: [WARNING] Skin Definition - The plug-in has found the following skin definition problems :  Unable to find the bind pose for :  / SK_Player_Default004 / DeformationSystem. Use the DAG node current transform. Unable to find the bind pose for :  / SK_Player_Default004 / DeformationSystem / Root / Hand_R. No bind poses in the hierarchy containing the object will be exported. Unable to find the bind pose for :  / SK_Player_Default004 / DeformationSystem / Root / Hand_L. No bind poses in the hierarchy containing the object will be exported. Unable to find the bind pose for :  / SK_Player_Default004 / DeformationSystem / Root / Foot_R. No bind poses in the hierarchy containing the object will be exported. Unable to find the bind pose for :  / SK_Player_Default004 / DeformationSystem / Root / Toe_R. No bind poses in the hierarchy containing the object will be exported. Unable to find the bind pose for :  / SK_Player_Default004 / DeformationSystem / Root / Foot_L. No bind poses in the hierarchy containing the object
2023-03-23 18:13:02: LOG: [WARNING] Constraints export failed - The scene contains constraints. Activate the Export constraints or Bake Animation options before exporting.

2023-03-23 18:13:02: LOG: Export: X:/Art/1_Assets/2_Rig/FBX/SkinnedMeshes/Player/Bip/Capsule/SK_Player_Timeless001.fbx
2023-03-23 18:13:02: LOG: [WARNING] Skin Definition - The plug-in has found the following skin definition problems :  Unable to find the bind pose for :  / SK_Player_Timeless001 / DeformationSystem. Use the DAG node current transform. Unable to find the bind pose for :  / SK_Player_Timeless001 / DeformationSystem / Root / Hand_R. No bind poses in the hierarchy containing the object will be exported. Unable to find the bind pose for :  / SK_Player_Timeless001 / DeformationSystem / Root / Hand_L. No bind poses in the hierarchy containing the object will be exported. Unable to find the bind pose for :  / SK_Player_Timeless001 / DeformationSystem / Root / Foot_R. No bind poses in the hierarchy containing the object will be exported. Unable to find the bind pose for :  / SK_Player_Timeless001 / DeformationSystem / Root / Toe_R. No bind poses in the hierarchy containing the object will be exported. Unable to find the bind pose for :  / SK_Player_Timeless001 / DeformationSystem / Root / Foot_L. No bind poses in the hierarchy containing the 
2023-03-23 18:13:02: LOG: [WARNING] Constraints export failed - The scene contains constraints. Activate the Export constraints or Bake Animation options before exporting.

2023-03-23 18:13:03: LOG: Export: X:/Art/1_Assets/2_Rig/FBX/SkinnedMeshes/Player/Bip/Capsule/SK_Player_Default001.fbx
2023-03-23 18:13:03: LOG: [WARNING] Skin Definition - The plug-in has found the following skin definition problems :  Unable to find the bind pose for :  / SK_Player_Default001 / DeformationSystem. Use the DAG node current transform. Unable to find the bind pose for :  / SK_Player_Default001 / DeformationSystem / Root / Hand_R. No bind poses in the hierarchy containing the object will be exported. Unable to find the bind pose for :  / SK_Player_Default001 / DeformationSystem / Root / Hand_L. No bind poses in the hierarchy containing the object will be exported. Unable to find the bind pose for :  / SK_Player_Default001 / DeformationSystem / Root / Foot_R. No bind poses in the hierarchy containing the object will be exported. Unable to find the bind pose for :  / SK_Player_Default001 / DeformationSystem / Root / Toe_R. No bind poses in the hierarchy containing the object will be exported. Unable to find the bind pose for :  / SK_Player_Default001 / DeformationSystem / Root / Foot_L. No bind poses in the hierarchy containing the object
2023-03-23 18:13:03: LOG: [WARNING] Constraints export failed - The scene contains constraints. Activate the Export constraints or Bake Animation options before exporting.

2023-03-24 08:43:20: LOG: Export: X:/Art/1_Assets/3_Animation/FBX/Player/Greatesword/ANI_Player_GreatSword_Attack_001.fbx
2023-03-24 08:43:20: LOG: [WARNING] Constraints export failed - The scene contains constraints. Activate the Export constraints or Bake Animation options before exporting.

2023-03-24 08:49:24: LOG: Export: X:/Art/1_Assets/3_Animation/FBX/Player/Greatesword/ANI_Player_GreatSword_Attack_002.fbx
2023-03-24 08:49:24: LOG: [WARNING] Constraints export failed - The scene contains constraints. Activate the Export constraints or Bake Animation options before exporting.

2023-03-24 09:26:38: LOG: Export: X:/Art/1_Assets/2_Rig/FBX/SkinnedMeshes/Player/Bip/Capsule/SK_Weapon_Bow_001.fbx
2023-03-24 09:26:39: LOG: [WARNING] Constraints export failed - The scene contains constraints. Activate the Export constraints or Bake Animation options before exporting.

2023-03-24 13:01:01: LOG: Export: X:/Art/1_Assets/2_Rig/FBX/SkinnedMeshes/Player/Bip/Capsule/SK_Player_Default004.fbx
2023-03-24 13:01:01: LOG: [WARNING] Constraints export failed - The scene contains constraints. Activate the Export constraints or Bake Animation options before exporting.

2023-03-24 13:01:02: LOG: Export: X:/Art/1_Assets/2_Rig/FBX/SkinnedMeshes/Player/Bip/Capsule/SK_Player_Timeless001.fbx
2023-03-24 13:01:02: LOG: [WARNING] Skin Definition - The plug-in has found the following skin definition problems :  Unable to find the bind pose for :  / SK_Player_Timeless001 / DeformationSystem. Use the DAG node current transform. Unable to find the bind pose for :  / SK_Player_Timeless001 / DeformationSystem / Root / Hand_R. No bind poses in the hierarchy containing the object will be exported. Unable to find the bind pose for :  / SK_Player_Timeless001 / DeformationSystem / Root / Hand_L. No bind poses in the hierarchy containing the object will be exported. Unable to find the bind pose for :  / SK_Player_Timeless001 / DeformationSystem / Root / Foot_R. No bind poses in the hierarchy containing the object will be exported. Unable to find the bind pose for :  / SK_Player_Timeless001 / DeformationSystem / Root / Toe_R. No bind poses in the hierarchy containing the object will be exported. Unable to find the bind pose for :  / SK_Player_Timeless001 / DeformationSystem / Root / Foot_L. No bind poses in the hierarchy containing the 
2023-03-24 13:01:02: LOG: [WARNING] Constraints export failed - The scene contains constraints. Activate the Export constraints or Bake Animation options before exporting.

2023-03-24 13:01:03: LOG: Export: X:/Art/1_Assets/2_Rig/FBX/SkinnedMeshes/Player/Bip/Capsule/SK_Player_Timeless002.fbx
2023-03-24 13:01:03: LOG: [WARNING] Skin Definition - The plug-in has found the following skin definition problems :  Unable to find the bind pose for :  / SK_Player_Timeless002 / DeformationSystem. Use the DAG node current transform. Unable to find the bind pose for :  / SK_Player_Timeless002 / DeformationSystem / Root / Hand_R. No bind poses in the hierarchy containing the object will be exported. Unable to find the bind pose for :  / SK_Player_Timeless002 / DeformationSystem / Root / Hand_L. No bind poses in the hierarchy containing the object will be exported. Unable to find the bind pose for :  / SK_Player_Timeless002 / DeformationSystem / Root / Foot_R. No bind poses in the hierarchy containing the object will be exported. Unable to find the bind pose for :  / SK_Player_Timeless002 / DeformationSystem / Root / Toe_R. No bind poses in the hierarchy containing the object will be exported. Unable to find the bind pose for :  / SK_Player_Timeless002 / DeformationSystem / Root / Foot_L. No bind poses in the hierarchy containing the 
2023-03-24 13:01:03: LOG: [WARNING] Constraints export failed - The scene contains constraints. Activate the Export constraints or Bake Animation options before exporting.

2023-03-24 13:01:04: LOG: Export: X:/Art/1_Assets/2_Rig/FBX/SkinnedMeshes/Player/Bip/Capsule/SK_Player_Default003.fbx
2023-03-24 13:01:04: LOG: [WARNING] Constraints export failed - The scene contains constraints. Activate the Export constraints or Bake Animation options before exporting.

2023-03-24 13:01:05: LOG: Export: X:/Art/1_Assets/2_Rig/FBX/SkinnedMeshes/Player/Bip/Capsule/SK_Player_Penguin001.fbx
2023-03-24 13:01:05: LOG: [WARNING] Constraints export failed - The scene contains constraints. Activate the Export constraints or Bake Animation options before exporting.

2023-03-24 13:01:06: LOG: Export: X:/Art/1_Assets/2_Rig/FBX/SkinnedMeshes/Player/Bip/Capsule/SK_Player_Default.fbx
2023-03-24 13:01:06: LOG: [WARNING] Skin Definition - The plug-in has found the following skin definition problems :  Unable to find the bind pose for :  / SK_Player_Default / DeformationSystem. Use the DAG node current transform. Unable to find the bind pose for :  / SK_Player_Default / DeformationSystem / Root / Hand_R. No bind poses in the hierarchy containing the object will be exported. Unable to find the bind pose for :  / SK_Player_Default / DeformationSystem / Root / Hand_L. No bind poses in the hierarchy containing the object will be exported. Unable to find the bind pose for :  / SK_Player_Default / DeformationSystem / Root / Foot_R. No bind poses in the hierarchy containing the object will be exported. Unable to find the bind pose for :  / SK_Player_Default / DeformationSystem / Root / Toe_R. No bind poses in the hierarchy containing the object will be exported. Unable to find the bind pose for :  / SK_Player_Default / DeformationSystem / Root / Foot_L. No bind poses in the hierarchy containing the object will be exported.
2023-03-24 13:01:06: LOG: [WARNING] Constraints export failed - The scene contains constraints. Activate the Export constraints or Bake Animation options before exporting.

2023-03-24 13:01:07: LOG: Export: X:/Art/1_Assets/2_Rig/FBX/SkinnedMeshes/Player/Bip/Capsule/SK_Player_Penguin002.fbx
2023-03-24 13:01:07: LOG: [WARNING] Constraints export failed - The scene contains constraints. Activate the Export constraints or Bake Animation options before exporting.

2023-03-24 13:01:07: LOG: Export: X:/Art/1_Assets/2_Rig/FBX/SkinnedMeshes/Player/Bip/Capsule/SK_Player_Empty.fbx
2023-03-24 13:01:08: LOG: [WARNING] Skin Definition - The plug-in has found the following skin definition problems :  Unable to find the bind pose for :  / SK_Player_Empty / DeformationSystem. Use the DAG node current transform. Unable to find the bind pose for :  / SK_Player_Empty / DeformationSystem / Root / Hand_R. No bind poses in the hierarchy containing the object will be exported. Unable to find the bind pose for :  / SK_Player_Empty / DeformationSystem / Root / Hand_L. No bind poses in the hierarchy containing the object will be exported. Unable to find the bind pose for :  / SK_Player_Empty / DeformationSystem / Root / Foot_R. No bind poses in the hierarchy containing the object will be exported. Unable to find the bind pose for :  / SK_Player_Empty / DeformationSystem / Root / Toe_R. No bind poses in the hierarchy containing the object will be exported. Unable to find the bind pose for :  / SK_Player_Empty / DeformationSystem / Root / Foot_L. No bind poses in the hierarchy containing the object will be exported. Unable to f
2023-03-24 13:01:08: LOG: [WARNING] Constraints export failed - The scene contains constraints. Activate the Export constraints or Bake Animation options before exporting.

2023-03-24 13:01:08: LOG: Export: X:/Art/1_Assets/2_Rig/FBX/SkinnedMeshes/Player/Bip/Capsule/SK_Player_Default001.fbx
2023-03-24 13:01:08: LOG: [WARNING] Skin Definition - The plug-in has found the following skin definition problems :  Unable to find the bind pose for :  / SK_Player_Default001 / DeformationSystem. Use the DAG node current transform. Unable to find the bind pose for :  / SK_Player_Default001 / DeformationSystem / Root / Hand_R. No bind poses in the hierarchy containing the object will be exported. Unable to find the bind pose for :  / SK_Player_Default001 / DeformationSystem / Root / Hand_L. No bind poses in the hierarchy containing the object will be exported. Unable to find the bind pose for :  / SK_Player_Default001 / DeformationSystem / Root / Foot_R. No bind poses in the hierarchy containing the object will be exported. Unable to find the bind pose for :  / SK_Player_Default001 / DeformationSystem / Root / Toe_R. No bind poses in the hierarchy containing the object will be exported. Unable to find the bind pose for :  / SK_Player_Default001 / DeformationSystem / Root / Foot_L. No bind poses in the hierarchy containing the object
2023-03-24 13:01:08: LOG: [WARNING] Constraints export failed - The scene contains constraints. Activate the Export constraints or Bake Animation options before exporting.

2023-03-24 13:01:09: LOG: Export: X:/Art/1_Assets/2_Rig/FBX/SkinnedMeshes/Player/Bip/Capsule/SK_Player_Default002.fbx
2023-03-24 13:01:09: LOG: [WARNING] Skin Definition - The plug-in has found the following skin definition problems :  Unable to find the bind pose for :  / SK_Player_Default002 / DeformationSystem. Use the DAG node current transform. Unable to find the bind pose for :  / SK_Player_Default002 / DeformationSystem / Root / Hand_R. No bind poses in the hierarchy containing the object will be exported. Unable to find the bind pose for :  / SK_Player_Default002 / DeformationSystem / Root / Hand_L. No bind poses in the hierarchy containing the object will be exported. Unable to find the bind pose for :  / SK_Player_Default002 / DeformationSystem / Root / Foot_R. No bind poses in the hierarchy containing the object will be exported. Unable to find the bind pose for :  / SK_Player_Default002 / DeformationSystem / Root / Toe_R. No bind poses in the hierarchy containing the object will be exported. Unable to find the bind pose for :  / SK_Player_Default002 / DeformationSystem / Root / Foot_L. No bind poses in the hierarchy containing the object
2023-03-24 13:01:09: LOG: [WARNING] Constraints export failed - The scene contains constraints. Activate the Export constraints or Bake Animation options before exporting.

2023-03-24 13:34:08: LOG: Export: X:/Art/1_Assets/3_Animation/FBX/Player/Bow/Attachments/Weapon/ANI_Player_Bow_Weapon_Attack_001.fbx
2023-03-24 13:34:08: LOG: [WARNING] Constraints export failed - The scene contains constraints. Activate the Export constraints or Bake Animation options before exporting.

2023-03-24 13:34:08: LOG: Export: X:/Art/1_Assets/3_Animation/FBX/Player/Bow/ANI_Player_Bow_Attack_001.fbx
2023-03-24 13:34:08: LOG: [WARNING] Constraints export failed - The scene contains constraints. Activate the Export constraints or Bake Animation options before exporting.

2023-03-24 13:34:09: LOG: Export: X:/Art/1_Assets/3_Animation/FBX/Player/Bow/Attachments/Weapon/ANI_Player_Bow_Weapon_Dead_001.fbx
2023-03-24 13:34:09: LOG: [WARNING] Constraints export failed - The scene contains constraints. Activate the Export constraints or Bake Animation options before exporting.

2023-03-24 13:34:09: LOG: [WARNING] The FBX plug-in does not support assets created with the Advanced Asset menu. - The following container(s) will be ignored: BakeResultsContainer BakeResults1Container BakeResultsContainer1 BakeResults2Container BakeResults3Container BakeResultsContainer2 BakeResults4Container BakeResults5Container
2023-03-24 13:34:09: LOG: Export: X:/Art/1_Assets/3_Animation/FBX/Player/Bow/ANI_Player_Bow_Dead_001.fbx
2023-03-24 13:34:09: LOG: [WARNING] Constraints export failed - The scene contains constraints. Activate the Export constraints or Bake Animation options before exporting.

2023-03-24 13:34:09: LOG: [WARNING] The FBX plug-in does not support assets created with the Advanced Asset menu. - The following container(s) will be ignored: BakeResultsContainer BakeResults1Container BakeResultsContainer1 BakeResults2Container BakeResults3Container BakeResultsContainer2 BakeResults4Container BakeResults5Container
2023-03-24 13:34:10: LOG: Export: X:/Art/1_Assets/3_Animation/FBX/Player/Bow/Attachments/Weapon/ANI_Player_Bow_Weapon_Dodge_001.fbx
2023-03-24 13:34:10: LOG: [WARNING] Constraints export failed - The scene contains constraints. Activate the Export constraints or Bake Animation options before exporting.

2023-03-24 13:34:10: LOG: [WARNING] The FBX plug-in does not support assets created with the Advanced Asset menu. - The following container(s) will be ignored: BakeResultsContainer BakeResults1Container BakeResultsContainer1 BakeResults2Container BakeResults3Container BakeResultsContainer2 BakeResults4Container BakeResults5Container
2023-03-24 13:34:10: LOG: Export: X:/Art/1_Assets/3_Animation/FBX/Player/Bow/ANI_Player_Bow_Dodge_001.fbx
2023-03-24 13:34:10: LOG: [WARNING] Constraints export failed - The scene contains constraints. Activate the Export constraints or Bake Animation options before exporting.

2023-03-24 13:34:10: LOG: [WARNING] The FBX plug-in does not support assets created with the Advanced Asset menu. - The following container(s) will be ignored: BakeResultsContainer BakeResults1Container BakeResultsContainer1 BakeResults2Container BakeResults3Container BakeResultsContainer2 BakeResults4Container BakeResults5Container
2023-03-24 13:34:11: LOG: Export: X:/Art/1_Assets/3_Animation/FBX/Player/Bow/Attachments/Weapon/ANI_Player_Bow_Weapon_Falling_001.fbx
2023-03-24 13:34:11: LOG: [WARNING] Constraints export failed - The scene contains constraints. Activate the Export constraints or Bake Animation options before exporting.

2023-03-24 13:34:11: LOG: [WARNING] The FBX plug-in does not support assets created with the Advanced Asset menu. - The following container(s) will be ignored: BakeResultsContainer BakeResults1Container BakeResultsContainer1 BakeResults2Container BakeResults3Container BakeResultsContainer2 BakeResults4Container BakeResults5Container
2023-03-24 13:34:11: LOG: Export: X:/Art/1_Assets/3_Animation/FBX/Player/Bow/ANI_Player_Bow_Falling_001.fbx
2023-03-24 13:34:11: LOG: [WARNING] Constraints export failed - The scene contains constraints. Activate the Export constraints or Bake Animation options before exporting.

2023-03-24 13:34:11: LOG: [WARNING] The FBX plug-in does not support assets created with the Advanced Asset menu. - The following container(s) will be ignored: BakeResultsContainer BakeResults1Container BakeResultsContainer1 BakeResults2Container BakeResults3Container BakeResultsContainer2 BakeResults4Container BakeResults5Container
2023-03-24 13:34:12: LOG: Export: X:/Art/1_Assets/3_Animation/FBX/Player/Bow/Attachments/Weapon/ANI_Player_Bow_Weapon_Idle_001.fbx
2023-03-24 13:34:12: LOG: [WARNING] Constraints export failed - The scene contains constraints. Activate the Export constraints or Bake Animation options before exporting.

2023-03-24 13:34:12: LOG: Export: X:/Art/1_Assets/3_Animation/FBX/Player/Bow/ANI_Player_Bow_Idle_001.fbx
2023-03-24 13:34:12: LOG: [WARNING] Constraints export failed - The scene contains constraints. Activate the Export constraints or Bake Animation options before exporting.

2023-03-24 13:34:14: LOG: Export: X:/Art/1_Assets/3_Animation/FBX/Player/Bow/Attachments/Weapon/ANI_Player_Bow_Weapon_KnockBack_001.fbx
2023-03-24 13:34:14: LOG: [WARNING] Constraints export failed - The scene contains constraints. Activate the Export constraints or Bake Animation options before exporting.

2023-03-24 13:34:14: LOG: Export: X:/Art/1_Assets/3_Animation/FBX/Player/Bow/ANI_Player_Bow_KnockBack_001.fbx
2023-03-24 13:34:14: LOG: [WARNING] Constraints export failed - The scene contains constraints. Activate the Export constraints or Bake Animation options before exporting.

2023-03-24 13:34:15: LOG: Export: X:/Art/1_Assets/3_Animation/FBX/Player/Bow/Attachments/Weapon/ANI_Player_Bow_Weapon_Move_001.fbx
2023-03-24 13:34:15: LOG: [WARNING] Constraints export failed - The scene contains constraints. Activate the Export constraints or Bake Animation options before exporting.

2023-03-24 13:34:15: LOG: [WARNING] The FBX plug-in does not support assets created with the Advanced Asset menu. - The following container(s) will be ignored: BakeResultsContainer BakeResults1Container
2023-03-24 13:34:15: LOG: Export: X:/Art/1_Assets/3_Animation/FBX/Player/Bow/ANI_Player_Bow_Move_001.fbx
2023-03-24 13:34:15: LOG: [WARNING] Constraints export failed - The scene contains constraints. Activate the Export constraints or Bake Animation options before exporting.

2023-03-24 13:34:15: LOG: [WARNING] The FBX plug-in does not support assets created with the Advanced Asset menu. - The following container(s) will be ignored: BakeResultsContainer BakeResults1Container
2023-03-24 13:34:16: LOG: Export: X:/Art/1_Assets/3_Animation/FBX/Player/Bow/Attachments/Weapon/ANI_Player_Bow_Weapon_OnHit_001.fbx
2023-03-24 13:34:16: LOG: [WARNING] Constraints export failed - The scene contains constraints. Activate the Export constraints or Bake Animation options before exporting.

2023-03-24 13:34:16: LOG: [WARNING] The FBX plug-in does not support assets created with the Advanced Asset menu. - The following container(s) will be ignored: BakeResultsContainer BakeResults1Container BakeResultsContainer1 BakeResults2Container BakeResults3Container BakeResultsContainer2 BakeResults4Container BakeResults5Container
2023-03-24 13:34:16: LOG: Export: X:/Art/1_Assets/3_Animation/FBX/Player/Bow/ANI_Player_Bow_OnHit_001.fbx
2023-03-24 13:34:16: LOG: [WARNING] Constraints export failed - The scene contains constraints. Activate the Export constraints or Bake Animation options before exporting.

2023-03-24 13:34:16: LOG: [WARNING] The FBX plug-in does not support assets created with the Advanced Asset menu. - The following container(s) will be ignored: BakeResultsContainer BakeResults1Container BakeResultsContainer1 BakeResults2Container BakeResults3Container BakeResultsContainer2 BakeResults4Container BakeResults5Container
2023-03-24 13:34:17: LOG: Export: X:/Art/1_Assets/3_Animation/FBX/Player/Bow/Attachments/Weapon/ANI_Player_Bow_Weapon_Skill_001.fbx
2023-03-24 13:34:17: LOG: [WARNING] Constraints export failed - The scene contains constraints. Activate the Export constraints or Bake Animation options before exporting.

2023-03-24 13:34:17: LOG: Export: X:/Art/1_Assets/3_Animation/FBX/Player/Bow/ANI_Player_Bow_Skill_001.fbx
2023-03-24 13:34:17: LOG: [WARNING] Constraints export failed - The scene contains constraints. Activate the Export constraints or Bake Animation options before exporting.

2023-03-24 13:34:18: LOG: Export: X:/Art/1_Assets/3_Animation/FBX/Player/Bow/Attachments/Weapon/ANI_Player_Bow_Weapon_Skill_002.fbx
2023-03-24 13:34:19: LOG: [WARNING] Constraints export failed - The scene contains constraints. Activate the Export constraints or Bake Animation options before exporting.

2023-03-24 13:34:19: LOG: Export: X:/Art/1_Assets/3_Animation/FBX/Player/Bow/ANI_Player_Bow_Skill_002.fbx
2023-03-24 13:34:19: LOG: [WARNING] Constraints export failed - The scene contains constraints. Activate the Export constraints or Bake Animation options before exporting.

2023-03-24 13:34:20: LOG: Export: X:/Art/1_Assets/3_Animation/FBX/Player/Bow/Attachments/Weapon/ANI_Player_Bow_Weapon_Spawn_001.fbx
2023-03-24 13:34:20: LOG: [WARNING] Constraints export failed - The scene contains constraints. Activate the Export constraints or Bake Animation options before exporting.

2023-03-24 13:34:20: LOG: [WARNING] The FBX plug-in does not support assets created with the Advanced Asset menu. - The following container(s) will be ignored: BakeResultsContainer BakeResults1Container BakeResultsContainer1 BakeResults2Container BakeResults3Container BakeResultsContainer2 BakeResults4Container BakeResults5Container
2023-03-24 13:34:20: LOG: Export: X:/Art/1_Assets/3_Animation/FBX/Player/Bow/ANI_Player_Bow_Spawn_001.fbx
2023-03-24 13:34:20: LOG: [WARNING] Constraints export failed - The scene contains constraints. Activate the Export constraints or Bake Animation options before exporting.

2023-03-24 13:34:20: LOG: [WARNING] The FBX plug-in does not support assets created with the Advanced Asset menu. - The following container(s) will be ignored: BakeResultsContainer BakeResults1Container BakeResultsContainer1 BakeResults2Container BakeResults3Container BakeResultsContainer2 BakeResults4Container BakeResults5Container
2023-03-24 13:34:21: LOG: Export: X:/Art/1_Assets/3_Animation/FBX/Player/Bow/Attachments/Weapon/ANI_Player_Bow_Weapon_Stun_001.fbx
2023-03-24 13:34:22: LOG: [WARNING] Constraints export failed - The scene contains constraints. Activate the Export constraints or Bake Animation options before exporting.

2023-03-24 13:34:22: LOG: Export: X:/Art/1_Assets/3_Animation/FBX/Player/Bow/ANI_Player_Bow_Stun_001.fbx
2023-03-24 13:34:22: LOG: [WARNING] Constraints export failed - The scene contains constraints. Activate the Export constraints or Bake Animation options before exporting.

2023-03-24 13:34:23: LOG: Export: X:/Art/1_Assets/3_Animation/FBX/Player/Bow/Attachments/Weapon/ANI_Player_Bow_Weapon_Ultimate_001.fbx
2023-03-24 13:34:23: LOG: [WARNING] Constraints export failed - The scene contains constraints. Activate the Export constraints or Bake Animation options before exporting.

2023-03-24 13:34:23: LOG: Export: X:/Art/1_Assets/3_Animation/FBX/Player/Bow/ANI_Player_Bow_Ultimate_001.fbx
2023-03-24 13:34:23: LOG: [WARNING] Constraints export failed - The scene contains constraints. Activate the Export constraints or Bake Animation options before exporting.

2023-03-24 14:37:17: LOG: Export: X:/Art/1_Assets/3_Animation/FBX/Player/Bow/Attachments/Weapon/ANI_Player_Bow_Weapon_Attack_001.fbx
2023-03-24 14:37:17: LOG: [WARNING] Constraints export failed - The scene contains constraints. Activate the Export constraints or Bake Animation options before exporting.

2023-03-24 14:37:17: LOG: Export: X:/Art/1_Assets/3_Animation/FBX/Player/Bow/ANI_Player_Bow_Attack_001.fbx
2023-03-24 14:37:17: LOG: [WARNING] Constraints export failed - The scene contains constraints. Activate the Export constraints or Bake Animation options before exporting.

2023-03-27 14:49:43: LOG: Export: X:/Art/1_Assets/2_Rig/FBX/SkinnedMeshes/Player/Bip/Capsule/SK_Weapon_Bow_001.fbx
2023-03-27 14:49:43: LOG: [WARNING] Constraints export failed - The scene contains constraints. Activate the Export constraints or Bake Animation options before exporting.

2023-03-27 14:53:27: LOG: Export: X:/Art/1_Assets/3_Animation/FBX/Player/Bow/Attachments/Weapon/ANI_Player_Bow_Weapon_Attack_001.fbx
2023-03-27 14:53:27: LOG: [WARNING] Constraints export failed - The scene contains constraints. Activate the Export constraints or Bake Animation options before exporting.

2023-03-27 14:53:27: LOG: Export: X:/Art/1_Assets/3_Animation/FBX/Player/Bow/ANI_Player_Bow_Attack_001.fbx
2023-03-27 14:53:27: LOG: [WARNING] Constraints export failed - The scene contains constraints. Activate the Export constraints or Bake Animation options before exporting.

2023-03-27 14:53:28: LOG: Export: X:/Art/1_Assets/3_Animation/FBX/Player/Bow/ANI_Player_Bow_Dead_001.fbx
2023-03-27 14:53:28: LOG: [WARNING] Constraints export failed - The scene contains constraints. Activate the Export constraints or Bake Animation options before exporting.

2023-03-27 14:53:28: LOG: [WARNING] The FBX plug-in does not support assets created with the Advanced Asset menu. - The following container(s) will be ignored: BakeResultsContainer BakeResults1Container BakeResultsContainer1 BakeResults2Container BakeResults3Container BakeResultsContainer2 BakeResults4Container BakeResults5Container
2023-03-27 14:53:29: LOG: Export: X:/Art/1_Assets/3_Animation/FBX/Player/Bow/ANI_Player_Bow_Dodge_001.fbx
2023-03-27 14:53:29: LOG: [WARNING] Constraints export failed - The scene contains constraints. Activate the Export constraints or Bake Animation options before exporting.

2023-03-27 14:53:29: LOG: [WARNING] The FBX plug-in does not support assets created with the Advanced Asset menu. - The following container(s) will be ignored: BakeResultsContainer BakeResults1Container BakeResultsContainer1 BakeResults2Container BakeResults3Container BakeResultsContainer2 BakeResults4Container BakeResults5Container
2023-03-27 14:53:30: LOG: Export: X:/Art/1_Assets/3_Animation/FBX/Player/Bow/ANI_Player_Bow_Falling_001.fbx
2023-03-27 14:53:30: LOG: [WARNING] Constraints export failed - The scene contains constraints. Activate the Export constraints or Bake Animation options before exporting.

2023-03-27 14:53:30: LOG: [WARNING] The FBX plug-in does not support assets created with the Advanced Asset menu. - The following container(s) will be ignored: BakeResultsContainer BakeResults1Container BakeResultsContainer1 BakeResults2Container BakeResults3Container BakeResultsContainer2 BakeResults4Container BakeResults5Container
2023-03-27 14:53:31: LOG: Export: X:/Art/1_Assets/3_Animation/FBX/Player/Bow/ANI_Player_Bow_Idle_001.fbx
2023-03-27 14:53:31: LOG: [WARNING] Constraints export failed - The scene contains constraints. Activate the Export constraints or Bake Animation options before exporting.

2023-03-27 14:53:33: LOG: Export: X:/Art/1_Assets/3_Animation/FBX/Player/Bow/ANI_Player_Bow_KnockBack_001.fbx
2023-03-27 14:53:33: LOG: [WARNING] Constraints export failed - The scene contains constraints. Activate the Export constraints or Bake Animation options before exporting.

2023-03-27 14:53:34: LOG: Export: X:/Art/1_Assets/3_Animation/FBX/Player/Bow/ANI_Player_Bow_Move_001.fbx
2023-03-27 14:53:34: LOG: [WARNING] Constraints export failed - The scene contains constraints. Activate the Export constraints or Bake Animation options before exporting.

2023-03-27 14:53:34: LOG: [WARNING] The FBX plug-in does not support assets created with the Advanced Asset menu. - The following container(s) will be ignored: BakeResultsContainer BakeResults1Container
2023-03-27 14:53:35: LOG: Export: X:/Art/1_Assets/3_Animation/FBX/Player/Bow/ANI_Player_Bow_OnHit_001.fbx
2023-03-27 14:53:35: LOG: [WARNING] Constraints export failed - The scene contains constraints. Activate the Export constraints or Bake Animation options before exporting.

2023-03-27 14:53:35: LOG: [WARNING] The FBX plug-in does not support assets created with the Advanced Asset menu. - The following container(s) will be ignored: BakeResultsContainer BakeResults1Container BakeResultsContainer1 BakeResults2Container BakeResults3Container BakeResultsContainer2 BakeResults4Container BakeResults5Container
2023-03-27 14:53:37: LOG: Export: X:/Art/1_Assets/3_Animation/FBX/Player/Bow/Attachments/Weapon/ANI_Player_Bow_Weapon_Skill_001.fbx
2023-03-27 14:53:37: LOG: [WARNING] Constraints export failed - The scene contains constraints. Activate the Export constraints or Bake Animation options before exporting.

2023-03-27 14:53:37: LOG: Export: X:/Art/1_Assets/3_Animation/FBX/Player/Bow/ANI_Player_Bow_Skill_001.fbx
2023-03-27 14:53:37: LOG: [WARNING] Constraints export failed - The scene contains constraints. Activate the Export constraints or Bake Animation options before exporting.

2023-03-27 14:53:38: LOG: Export: X:/Art/1_Assets/3_Animation/FBX/Player/Bow/ANI_Player_Bow_Skill_002.fbx
2023-03-27 14:53:38: LOG: [WARNING] Constraints export failed - The scene contains constraints. Activate the Export constraints or Bake Animation options before exporting.

2023-03-27 14:53:40: LOG: Export: X:/Art/1_Assets/3_Animation/FBX/Player/Bow/ANI_Player_Bow_Spawn_001.fbx
2023-03-27 14:53:40: LOG: [WARNING] Constraints export failed - The scene contains constraints. Activate the Export constraints or Bake Animation options before exporting.

2023-03-27 14:53:40: LOG: [WARNING] The FBX plug-in does not support assets created with the Advanced Asset menu. - The following container(s) will be ignored: BakeResultsContainer BakeResults1Container BakeResultsContainer1 BakeResults2Container BakeResults3Container BakeResultsContainer2 BakeResults4Container BakeResults5Container
2023-03-27 14:53:42: LOG: Export: X:/Art/1_Assets/3_Animation/FBX/Player/Bow/ANI_Player_Bow_Stun_001.fbx
2023-03-27 14:53:42: LOG: [WARNING] Constraints export failed - The scene contains constraints. Activate the Export constraints or Bake Animation options before exporting.

2023-03-27 14:53:44: LOG: Export: X:/Art/1_Assets/3_Animation/FBX/Player/Bow/Attachments/Weapon/ANI_Player_Bow_Weapon_Ultimate_001.fbx
2023-03-27 14:53:44: LOG: [WARNING] Constraints export failed - The scene contains constraints. Activate the Export constraints or Bake Animation options before exporting.

2023-03-27 14:53:44: LOG: Export: X:/Art/1_Assets/3_Animation/FBX/Player/Bow/ANI_Player_Bow_Ultimate_001.fbx
2023-03-27 14:53:44: LOG: [WARNING] Constraints export failed - The scene contains constraints. Activate the Export constraints or Bake Animation options before exporting.

2023-03-27 15:06:57: LOG: Export: X:/Art/1_Assets/3_Animation/FBX/Player/Bow/Attachments/Weapon/ANI_Player_Bow_Weapon_Idle_001.fbx
2023-03-27 15:06:57: LOG: [WARNING] Constraints export failed - The scene contains constraints. Activate the Export constraints or Bake Animation options before exporting.

2023-03-27 15:06:57: LOG: Export: X:/Art/1_Assets/3_Animation/FBX/Player/Bow/ANI_Player_Bow_Idle_001.fbx
2023-03-27 15:06:57: LOG: [WARNING] Constraints export failed - The scene contains constraints. Activate the Export constraints or Bake Animation options before exporting.

2023-03-28 15:33:12: LOG: Export: X:/Art/1_Assets/3_Animation/FBX/Player/Bow/Attachments/Weapon/ANI_Player_Bow_Weapon_AttackMoveB_001.fbx
2023-03-28 15:33:13: LOG: [WARNING] Constraints export failed - The scene contains constraints. Activate the Export constraints or Bake Animation options before exporting.

2023-03-28 15:33:13: LOG: Export: X:/Art/1_Assets/3_Animation/FBX/Player/Bow/ANI_Player_Bow_AttackMoveB_001.fbx
2023-03-28 15:33:13: LOG: [WARNING] Constraints export failed - The scene contains constraints. Activate the Export constraints or Bake Animation options before exporting.

2023-03-28 15:33:14: LOG: Export: X:/Art/1_Assets/3_Animation/FBX/Player/Bow/Attachments/Weapon/ANI_Player_Bow_Weapon_AttackMoveBL_001.fbx
2023-03-28 15:33:15: LOG: [WARNING] Constraints export failed - The scene contains constraints. Activate the Export constraints or Bake Animation options before exporting.

2023-03-28 15:33:15: LOG: Export: X:/Art/1_Assets/3_Animation/FBX/Player/Bow/ANI_Player_Bow_AttackMoveBL_001.fbx
2023-03-28 15:33:15: LOG: [WARNING] Constraints export failed - The scene contains constraints. Activate the Export constraints or Bake Animation options before exporting.

2023-03-28 15:33:16: LOG: Export: X:/Art/1_Assets/3_Animation/FBX/Player/Bow/Attachments/Weapon/ANI_Player_Bow_Weapon_AttackMoveBR_001.fbx
2023-03-28 15:33:16: LOG: [WARNING] Constraints export failed - The scene contains constraints. Activate the Export constraints or Bake Animation options before exporting.

2023-03-28 15:33:16: LOG: Export: X:/Art/1_Assets/3_Animation/FBX/Player/Bow/ANI_Player_Bow_AttackMoveBR_001.fbx
2023-03-28 15:33:17: LOG: [WARNING] Constraints export failed - The scene contains constraints. Activate the Export constraints or Bake Animation options before exporting.

2023-03-28 15:33:18: LOG: Export: X:/Art/1_Assets/3_Animation/FBX/Player/Bow/Attachments/Weapon/ANI_Player_Bow_Weapon_AttackMoveF_001.fbx
2023-03-28 15:33:18: LOG: [WARNING] Constraints export failed - The scene contains constraints. Activate the Export constraints or Bake Animation options before exporting.

2023-03-28 15:33:18: LOG: Export: X:/Art/1_Assets/3_Animation/FBX/Player/Bow/ANI_Player_Bow_AttackMoveF_001.fbx
2023-03-28 15:33:18: LOG: [WARNING] Constraints export failed - The scene contains constraints. Activate the Export constraints or Bake Animation options before exporting.

2023-03-28 15:33:20: LOG: Export: X:/Art/1_Assets/3_Animation/FBX/Player/Bow/Attachments/Weapon/ANI_Player_Bow_Weapon_AttackMoveFL_001.fbx
2023-03-28 15:33:20: LOG: [WARNING] Constraints export failed - The scene contains constraints. Activate the Export constraints or Bake Animation options before exporting.

2023-03-28 15:33:20: LOG: Export: X:/Art/1_Assets/3_Animation/FBX/Player/Bow/ANI_Player_Bow_AttackMoveFL_001.fbx
2023-03-28 15:33:20: LOG: [WARNING] Constraints export failed - The scene contains constraints. Activate the Export constraints or Bake Animation options before exporting.

2023-03-28 15:33:21: LOG: Export: X:/Art/1_Assets/3_Animation/FBX/Player/Bow/Attachments/Weapon/ANI_Player_Bow_Weapon_AttackMoveFR_001.fbx
2023-03-28 15:33:22: LOG: [WARNING] Constraints export failed - The scene contains constraints. Activate the Export constraints or Bake Animation options before exporting.

2023-03-28 15:33:22: LOG: Export: X:/Art/1_Assets/3_Animation/FBX/Player/Bow/ANI_Player_Bow_AttackMoveFR_001.fbx
2023-03-28 15:33:22: LOG: [WARNING] Constraints export failed - The scene contains constraints. Activate the Export constraints or Bake Animation options before exporting.

2023-03-28 15:33:23: LOG: Export: X:/Art/1_Assets/3_Animation/FBX/Player/Bow/Attachments/Weapon/ANI_Player_Bow_Weapon_AttackMoveL_001.fbx
2023-03-28 15:33:24: LOG: [WARNING] Constraints export failed - The scene contains constraints. Activate the Export constraints or Bake Animation options before exporting.

2023-03-28 15:33:24: LOG: Export: X:/Art/1_Assets/3_Animation/FBX/Player/Bow/ANI_Player_Bow_AttackMoveL_001.fbx
2023-03-28 15:33:24: LOG: [WARNING] Constraints export failed - The scene contains constraints. Activate the Export constraints or Bake Animation options before exporting.

2023-03-28 15:33:25: LOG: Export: X:/Art/1_Assets/3_Animation/FBX/Player/Bow/Attachments/Weapon/ANI_Player_Bow_Weapon_AttackMoveR_001.fbx
2023-03-28 15:33:26: LOG: [WARNING] Constraints export failed - The scene contains constraints. Activate the Export constraints or Bake Animation options before exporting.

2023-03-28 15:33:26: LOG: Export: X:/Art/1_Assets/3_Animation/FBX/Player/Bow/ANI_Player_Bow_AttackMoveR_001.fbx
2023-03-28 15:33:26: LOG: [WARNING] Constraints export failed - The scene contains constraints. Activate the Export constraints or Bake Animation options before exporting.

