2022-07-26 14:50:11: LOG: Import: Z:/Art/1_Assets/2_Rig/SkinnedMeshes/Player/Bip/FBX/SK_Player_Armor_000.fbx
2022-07-26 14:50:11: LOG: [WARNING] BindPose - Incomplete BindPose [nodes parents] - The following parent and/or ancestor node(s) is/are not part of the BindPose definition. Armor_000 Geometry
2022-07-26 15:48:58: LOG: Import: Z:/Art/1_Assets/2_Rig/SkinnedMeshes/Player/Bip/FBX/SK_Player_Armor_001.fbx
2022-07-26 15:48:58: LOG: [WARNING] BindPose - Incomplete BindPose [nodes parents] - The following parent and/or ancestor node(s) is/are not part of the BindPose definition. Armor_001 Geometry
2022-07-26 15:49:42: LOG: Import: Z:/Art/1_Assets/2_Rig/SkinnedMeshes/Player/Bip/FBX/SK_Player_Armor_000.fbx
2022-07-26 15:49:42: LOG: [WARNING] BindPose - Incomplete BindPose [nodes parents] - The following parent and/or ancestor node(s) is/are not part of the BindPose definition. Armor_000 Geometry
2022-07-26 16:01:30: LOG: Import: Z:/Art/1_Assets/2_Rig/SkinnedMeshes/Player/Bip/FBX/SK_Player_Armor_000.fbx
2022-07-26 16:01:30: LOG: [WARNING] BindPose - Incomplete BindPose [nodes parents] - The following parent and/or ancestor node(s) is/are not part of the BindPose definition. Armor_000 Geometry
2022-07-26 16:01:41: LOG: Import: Z:/Art/1_Assets/2_Rig/SkinnedMeshes/Player/Bip/FBX/SK_Player_Armor_001.fbx
2022-07-26 16:01:41: LOG: [WARNING] BindPose - Incomplete BindPose [nodes parents] - The following parent and/or ancestor node(s) is/are not part of the BindPose definition. Armor_001 Geometry
2022-07-26 16:02:01: LOG: Import: Z:/Art/1_Assets/2_Rig/SkinnedMeshes/Player/Bip/FBX/SK_Player_Hair_000.fbx
2022-07-26 16:02:01: LOG: [WARNING] BindPose - Incomplete BindPose [nodes parents] - The following parent and/or ancestor node(s) is/are not part of the BindPose definition. Hair_000 Geometry
2022-07-26 16:02:19: LOG: Import: Z:/Art/1_Assets/2_Rig/SkinnedMeshes/Player/Bip/FBX/SK_Player_Head_000.fbx
2022-07-26 16:02:19: LOG: [WARNING] BindPose - Incomplete BindPose [nodes parents] - The following parent and/or ancestor node(s) is/are not part of the BindPose definition. Head_000 Geometry
2022-07-26 17:57:45: LOG: Import: Z:/Art/1_Assets/2_Rig/SkinnedMeshes/Player/Bip/FBX/SK_Player_Armor_000.fbx
2022-07-26 17:57:46: LOG: [WARNING] BindPose - Incomplete BindPose [nodes parents] - The following parent and/or ancestor node(s) is/are not part of the BindPose definition. Armor_000 Geometry
2022-07-26 17:57:55: LOG: Import: Z:/Art/1_Assets/2_Rig/SkinnedMeshes/Player/Bip/FBX/SK_Player_Armor_001.fbx
2022-07-26 17:57:56: LOG: [WARNING] BindPose - Incomplete BindPose [nodes parents] - The following parent and/or ancestor node(s) is/are not part of the BindPose definition. Armor_001 Geometry
2022-07-26 17:58:13: LOG: Import: Z:/Art/1_Assets/2_Rig/SkinnedMeshes/Player/Bip/FBX/SK_Player_Hair_000.fbx
2022-07-26 17:58:13: LOG: [WARNING] BindPose - Incomplete BindPose [nodes parents] - The following parent and/or ancestor node(s) is/are not part of the BindPose definition. Hair_000 Geometry
2022-07-27 15:49:09: LOG: Import: Z:/Art/1_Assets/3_Animation/02_Enemy/07_SK_Enemy_DireWolf/fbx/Enemy_DireWolf_Skill_v03.fbx
2022-07-27 16:47:37: LOG: Import: Z:/Art/1_Assets/2_Rig/SkinnedMeshes/Enemies/WildAnimal/SK_Enemy_DireWolf/SK_Enemy_DireWolf.FBX
2022-07-27 16:48:57: LOG: Import: Z:/Art/1_Assets/2_Rig/SkinnedMeshes/Enemies/WildAnimal/SK_Enemy_DireWolf/SK_Enemy_DireWolf.FBX
2022-07-27 16:48:58: LOG: [WARNING] BindPose - Incomplete BindPose [nodes parents] - The following parent and/or ancestor node(s) is/are not part of the BindPose definition. Geometry
2022-07-27 17:43:45: LOG: Import: Z:/Art/1_Assets/2_Rig/SkinnedMeshes/Player/Acs/Cloak/SK_Player_Armor_001_Cloak/FBX/SK_Player_Armor_001_Cloak.fbx
2022-07-27 17:43:45: LOG: [WARNING] BindPose - Incomplete BindPose [nodes parents] - The following parent and/or ancestor node(s) is/are not part of the BindPose definition. Geometry
2022-07-29 13:13:11: LOG: Import: Z:/Art/1_Assets/3_Animation/01_Characters/GreatSword/FBX/ANI_Player_GreatSword_Skill_006.fbx
2022-07-29 13:26:04: LOG: Import: Z:/Art/1_Assets/3_Animation/01_Characters/GreatSword/FBX/ANI_Player_GreatSword_Skill_006.fbx
2022-07-29 13:55:14: LOG: Import: X:/Art/1_Assets/3_Animation/02_Enemy/07_SK_Enemy_DireWolf/fbx/Enemy_DireWolf_Skill_v05.fbx
2022-07-29 14:04:40: LOG: Import: Z:/Art/1_Assets/3_Animation/02_Enemy/07_SK_Enemy_DireWolf/fbx/Enemy_DireWolf_Skill_v06_.fbx
2022-07-29 15:08:34: LOG: Import: Z:/Art/1_Assets/3_Animation/ToAnson/FBX/ANI_Player_Hatchet_Skill_001.fbx
2022-07-29 15:08:43: LOG: Import: Z:/Art/1_Assets/3_Animation/ToAnson/FBX/ANI_Player_Hatchet_Skill_002.fbx
2022-07-29 15:10:01: LOG: Import: Z:/Art/1_Assets/3_Animation/ToAnson/FBX/ANI_Player_Hatchet_Skill_003.fbx
2022-07-29 15:10:08: LOG: Import: Z:/Art/1_Assets/3_Animation/ToAnson/FBX/ANI_Player_Hatchet_Skill_004.fbx
2022-07-29 15:10:27: LOG: Import: Z:/Art/1_Assets/3_Animation/ToAnson/FBX/ANI_Player_Hatchet_Skill_003.fbx
2022-07-29 15:10:33: LOG: Import: Z:/Art/1_Assets/3_Animation/ToAnson/FBX/ANI_Player_Hatchet_Skill_002.fbx
2022-07-29 15:10:39: LOG: Import: Z:/Art/1_Assets/3_Animation/ToAnson/FBX/ANI_Player_Hatchet_Skill_001.fbx
2022-07-29 16:50:36: LOG: Import: Z:/Art/1_Assets/2_Rig/SkinnedMeshes/Player/Acs/Shield/SK_Player_Weapon_Shield_001/FBX/SK_Player_Weapon_Shield_001.fbx
2022-07-29 16:50:36: LOG: [WARNING] BindPose - Incomplete BindPose [nodes parents] - The following parent and/or ancestor node(s) is/are not part of the BindPose definition. Geometry
2022-07-29 17:54:02: LOG: Import: Z:/Art/1_Assets/3_Animation/toWoo/ANI_Player_Shield_Idle_pose.fbx
