2022-07-26 23:00:22: LOG: Export: Z:/Art/1_Assets/2_Rig/SkinnedMeshes/Player/Bip/FBX/SK_Player_Armor_001.fbx
2022-07-26 23:00:22: LOG: [WARNING] Skin Definition - The plug-in has found the following skin definition problems :  Unable to find the bind pose for :  / Group / DeformationSystem / Root_M / Spine1_M / Chest_M / Neck_M / Head_M. No bind poses in the hierarchy containing the object will be exported. Unable to find the bind pose for :  / Group / DeformationSystem / Root_M / Hip_L / Knee_L. Use the DAG node current transform. Unable to find the bind pose for :  / Group / DeformationSystem / Root_M / Hip_R / Knee_R / Ankle_R. No bind poses in the hierarchy containing the object will be exported. Unable to find the bind pose for :  / Group / DeformationSystem / Root_M / Spine1_M / Chest_M / Scapula_R / Shoulder_R / Elbow_R / ElbowPart1_R / Wrist_R / IndexFinger1_R. Use the DAG node current transform.
2022-07-26 23:00:22: LOG: [WARNING] Constraints export failed - The scene contains constraints. Activate the Export constraints or Bake Animation options before exporting.

2022-07-26 23:00:22: LOG: [WARNING] Unsupported constraints export failed - The scene contains constraints that are not supported by the FBX file format. Activate the Bake Animation option before exporting.

2022-07-26 23:00:23: LOG: Export: Z:/Art/1_Assets/2_Rig/SkinnedMeshes/Player/Bip/FBX/SK_Player_Head_000.fbx
2022-07-26 23:00:24: LOG: [WARNING] Skin Definition - The plug-in has found the following skin definition problems :  Unable to find the bind pose for :  / Group / DeformationSystem / Root_M / Spine1_M / Chest_M / Neck_M / Head_M. No bind poses in the hierarchy containing the object will be exported.
2022-07-26 23:00:24: LOG: [WARNING] Constraints export failed - The scene contains constraints. Activate the Export constraints or Bake Animation options before exporting.

2022-07-26 23:00:24: LOG: [WARNING] Unsupported constraints export failed - The scene contains constraints that are not supported by the FBX file format. Activate the Bake Animation option before exporting.

2022-07-26 23:00:25: LOG: Export: Z:/Art/1_Assets/2_Rig/SkinnedMeshes/Player/Bip/FBX/SK_Player_Armor_000.fbx
2022-07-26 23:00:25: LOG: [WARNING] Skin Definition - The plug-in has found the following skin definition problems :  Unable to find the bind pose for :  / Group / DeformationSystem / Root_M / Spine1_M / Chest_M / Neck_M / Head_M. No bind poses in the hierarchy containing the object will be exported. Unable to find the bind pose for :  / Group / DeformationSystem / Root_M / Hip_R / Knee_R / Ankle_R / Toes_R. No bind poses in the hierarchy containing the object will be exported. Unable to find the bind pose for :  / Group / DeformationSystem / Root_M / Hip_R / Knee_R / Ankle_R. Use the DAG node current transform. Unable to find the bind pose for :  / Group / DeformationSystem / Root_M / Hip_L / Knee_L. Use the DAG node current transform. Unable to find the bind pose for :  / Group / DeformationSystem / Root_M / Spine1_M / Chest_M / Scapula_R / Shoulder_R / Elbow_R / ElbowPart1_R / Wrist_R / IndexFinger1_R. Use the DAG node current transform.
2022-07-26 23:00:25: LOG: [WARNING] Constraints export failed - The scene contains constraints. Activate the Export constraints or Bake Animation options before exporting.

2022-07-26 23:00:25: LOG: [WARNING] Unsupported constraints export failed - The scene contains constraints that are not supported by the FBX file format. Activate the Bake Animation option before exporting.

2022-07-26 23:00:26: LOG: Export: Z:/Art/1_Assets/2_Rig/SkinnedMeshes/Player/Bip/FBX/SK_Player_Hair_000.fbx
2022-07-26 23:00:26: LOG: [WARNING] Skin Definition - The plug-in has found the following skin definition problems :  Unable to find the bind pose for :  / Group / DeformationSystem / Root_M / Spine1_M / Chest_M / Neck_M / Head_M. No bind poses in the hierarchy containing the object will be exported.
2022-07-26 23:00:26: LOG: [WARNING] Constraints export failed - The scene contains constraints. Activate the Export constraints or Bake Animation options before exporting.

2022-07-26 23:00:26: LOG: [WARNING] Unsupported constraints export failed - The scene contains constraints that are not supported by the FBX file format. Activate the Bake Animation option before exporting.

2022-07-26 23:44:44: LOG: Export: Z:/Art/1_Assets/2_Rig/SkinnedMeshes/Player/Bip/FBX/SK_Player_Armor_001.fbx
2022-07-26 23:44:44: LOG: [WARNING] Skin Definition - The plug-in has found the following skin definition problems :  Unable to find the bind pose for :  / Group / DeformationSystem / Root_M / Spine1_M / Chest_M / Neck_M / Head_M. No bind poses in the hierarchy containing the object will be exported. Unable to find the bind pose for :  / Group / DeformationSystem / Root_M / Hip_L / Knee_L. Use the DAG node current transform. Unable to find the bind pose for :  / Group / DeformationSystem / Root_M / Hip_R / Knee_R / Ankle_R. No bind poses in the hierarchy containing the object will be exported. Unable to find the bind pose for :  / Group / DeformationSystem / Root_M / Spine1_M / Chest_M / Scapula_R / Shoulder_R / Elbow_R / ElbowPart1_R / Wrist_R / IndexFinger1_R. Use the DAG node current transform.
2022-07-26 23:44:44: LOG: [WARNING] Constraints export failed - The scene contains constraints. Activate the Export constraints or Bake Animation options before exporting.

2022-07-26 23:44:44: LOG: [WARNING] Unsupported constraints export failed - The scene contains constraints that are not supported by the FBX file format. Activate the Bake Animation option before exporting.

2022-07-26 23:44:45: LOG: Export: Z:/Art/1_Assets/2_Rig/SkinnedMeshes/Player/Bip/FBX/SK_Player_Head_000.fbx
2022-07-26 23:44:45: LOG: [WARNING] Skin Definition - The plug-in has found the following skin definition problems :  Unable to find the bind pose for :  / Group / DeformationSystem / Root_M / Spine1_M / Chest_M / Neck_M / Head_M. No bind poses in the hierarchy containing the object will be exported.
2022-07-26 23:44:45: LOG: [WARNING] Constraints export failed - The scene contains constraints. Activate the Export constraints or Bake Animation options before exporting.

2022-07-26 23:44:45: LOG: [WARNING] Unsupported constraints export failed - The scene contains constraints that are not supported by the FBX file format. Activate the Bake Animation option before exporting.

2022-07-26 23:44:46: LOG: Export: Z:/Art/1_Assets/2_Rig/SkinnedMeshes/Player/Bip/FBX/SK_Player_Armor_000.fbx
2022-07-26 23:44:47: LOG: [WARNING] Skin Definition - The plug-in has found the following skin definition problems :  Unable to find the bind pose for :  / Group / DeformationSystem / Root_M / Spine1_M / Chest_M / Neck_M / Head_M. No bind poses in the hierarchy containing the object will be exported. Unable to find the bind pose for :  / Group / DeformationSystem / Root_M / Hip_R / Knee_R / Ankle_R / Toes_R. No bind poses in the hierarchy containing the object will be exported. Unable to find the bind pose for :  / Group / DeformationSystem / Root_M / Hip_R / Knee_R / Ankle_R. Use the DAG node current transform. Unable to find the bind pose for :  / Group / DeformationSystem / Root_M / Hip_L / Knee_L. Use the DAG node current transform. Unable to find the bind pose for :  / Group / DeformationSystem / Root_M / Spine1_M / Chest_M / Scapula_R / Shoulder_R / Elbow_R / ElbowPart1_R / Wrist_R / IndexFinger1_R. Use the DAG node current transform.
2022-07-26 23:44:47: LOG: [WARNING] Constraints export failed - The scene contains constraints. Activate the Export constraints or Bake Animation options before exporting.

2022-07-26 23:44:47: LOG: [WARNING] Unsupported constraints export failed - The scene contains constraints that are not supported by the FBX file format. Activate the Bake Animation option before exporting.

2022-07-26 23:44:48: LOG: Export: Z:/Art/1_Assets/2_Rig/SkinnedMeshes/Player/Bip/FBX/SK_Player_Hair_000.fbx
2022-07-26 23:44:48: LOG: [WARNING] Skin Definition - The plug-in has found the following skin definition problems :  Unable to find the bind pose for :  / Group / DeformationSystem / Root_M / Spine1_M / Chest_M / Neck_M / Head_M. No bind poses in the hierarchy containing the object will be exported.
2022-07-26 23:44:48: LOG: [WARNING] Constraints export failed - The scene contains constraints. Activate the Export constraints or Bake Animation options before exporting.

2022-07-26 23:44:48: LOG: [WARNING] Unsupported constraints export failed - The scene contains constraints that are not supported by the FBX file format. Activate the Bake Animation option before exporting.

2022-07-26 23:49:20: LOG: Export: Z:/Art/1_Assets/2_Rig/SkinnedMeshes/Player/Bip/FBX/SK_Player_Armor_000.fbx
2022-07-26 23:49:20: LOG: [WARNING] Skin Definition - The plug-in has found the following skin definition problems :  Unable to find the bind pose for :  / Group / DeformationSystem / Root_M / Spine1_M / Chest_M / Neck_M / Head_M. No bind poses in the hierarchy containing the object will be exported. Unable to find the bind pose for :  / Group / DeformationSystem / Root_M / Hip_R / Knee_R / Ankle_R / Toes_R. No bind poses in the hierarchy containing the object will be exported. Unable to find the bind pose for :  / Group / DeformationSystem / Root_M / Hip_R / Knee_R / Ankle_R. Use the DAG node current transform. Unable to find the bind pose for :  / Group / DeformationSystem / Root_M / Hip_L / Knee_L. Use the DAG node current transform. Unable to find the bind pose for :  / Group / DeformationSystem / Root_M / Spine1_M / Chest_M / Scapula_R / Shoulder_R / Elbow_R / ElbowPart1_R / Wrist_R / IndexFinger1_R. Use the DAG node current transform.
2022-07-26 23:49:20: LOG: [WARNING] Constraints export failed - The scene contains constraints. Activate the Export constraints or Bake Animation options before exporting.

2022-07-26 23:49:20: LOG: [WARNING] Unsupported constraints export failed - The scene contains constraints that are not supported by the FBX file format. Activate the Bake Animation option before exporting.

2022-07-26 23:49:21: LOG: Export: Z:/Art/1_Assets/2_Rig/SkinnedMeshes/Player/Bip/FBX/SK_Player_Hair_000.fbx
2022-07-26 23:49:22: LOG: [WARNING] Skin Definition - The plug-in has found the following skin definition problems :  Unable to find the bind pose for :  / Group / DeformationSystem / Root_M / Spine1_M / Chest_M / Neck_M / Head_M. No bind poses in the hierarchy containing the object will be exported.
2022-07-26 23:49:22: LOG: [WARNING] Constraints export failed - The scene contains constraints. Activate the Export constraints or Bake Animation options before exporting.

2022-07-26 23:49:22: LOG: [WARNING] Unsupported constraints export failed - The scene contains constraints that are not supported by the FBX file format. Activate the Bake Animation option before exporting.

2022-07-26 23:49:23: LOG: Export: Z:/Art/1_Assets/2_Rig/SkinnedMeshes/Player/Bip/FBX/SK_Player_Head_000.fbx
2022-07-26 23:49:23: LOG: [WARNING] Skin Definition - The plug-in has found the following skin definition problems :  Unable to find the bind pose for :  / Group / DeformationSystem / Root_M / Spine1_M / Chest_M / Neck_M / Head_M. No bind poses in the hierarchy containing the object will be exported.
2022-07-26 23:49:23: LOG: [WARNING] Constraints export failed - The scene contains constraints. Activate the Export constraints or Bake Animation options before exporting.

2022-07-26 23:49:23: LOG: [WARNING] Unsupported constraints export failed - The scene contains constraints that are not supported by the FBX file format. Activate the Bake Animation option before exporting.

2022-07-26 23:49:24: LOG: Export: Z:/Art/1_Assets/2_Rig/SkinnedMeshes/Player/Bip/FBX/SK_Player_Armor_001.fbx
2022-07-26 23:49:25: LOG: [WARNING] Skin Definition - The plug-in has found the following skin definition problems :  Unable to find the bind pose for :  / Group / DeformationSystem / Root_M / Spine1_M / Chest_M / Neck_M / Head_M. No bind poses in the hierarchy containing the object will be exported. Unable to find the bind pose for :  / Group / DeformationSystem / Root_M / Hip_L / Knee_L. Use the DAG node current transform. Unable to find the bind pose for :  / Group / DeformationSystem / Root_M / Hip_R / Knee_R / Ankle_R. No bind poses in the hierarchy containing the object will be exported. Unable to find the bind pose for :  / Group / DeformationSystem / Root_M / Spine1_M / Chest_M / Scapula_R / Shoulder_R / Elbow_R / ElbowPart1_R / Wrist_R / IndexFinger1_R. Use the DAG node current transform.
2022-07-26 23:49:25: LOG: [WARNING] Constraints export failed - The scene contains constraints. Activate the Export constraints or Bake Animation options before exporting.

2022-07-26 23:49:25: LOG: [WARNING] Unsupported constraints export failed - The scene contains constraints that are not supported by the FBX file format. Activate the Bake Animation option before exporting.

2022-07-26 23:51:50: LOG: Export: Z:/Art/1_Assets/2_Rig/SkinnedMeshes/Player/Bip/FBX/SK_Player_Armor_000.fbx
2022-07-26 23:51:50: LOG: [WARNING] Skin Definition - The plug-in has found the following skin definition problems :  Unable to find the bind pose for :  / Group / DeformationSystem / Root_M / Spine1_M / Chest_M / Neck_M / Head_M. No bind poses in the hierarchy containing the object will be exported. Unable to find the bind pose for :  / Group / DeformationSystem / Root_M / Hip_R / Knee_R / Ankle_R / Toes_R. No bind poses in the hierarchy containing the object will be exported. Unable to find the bind pose for :  / Group / DeformationSystem / Root_M / Hip_R / Knee_R / Ankle_R. Use the DAG node current transform. Unable to find the bind pose for :  / Group / DeformationSystem / Root_M / Hip_L / Knee_L. Use the DAG node current transform. Unable to find the bind pose for :  / Group / DeformationSystem / Root_M / Spine1_M / Chest_M / Scapula_R / Shoulder_R / Elbow_R / ElbowPart1_R / Wrist_R / IndexFinger1_R. Use the DAG node current transform.
2022-07-26 23:51:50: LOG: [WARNING] Constraints export failed - The scene contains constraints. Activate the Export constraints or Bake Animation options before exporting.

2022-07-26 23:51:50: LOG: [WARNING] Unsupported constraints export failed - The scene contains constraints that are not supported by the FBX file format. Activate the Bake Animation option before exporting.

2022-07-26 23:51:52: LOG: Export: Z:/Art/1_Assets/2_Rig/SkinnedMeshes/Player/Bip/FBX/SK_Player_Hair_000.fbx
2022-07-26 23:51:52: LOG: [WARNING] Skin Definition - The plug-in has found the following skin definition problems :  Unable to find the bind pose for :  / Group / DeformationSystem / Root_M / Spine1_M / Chest_M / Neck_M / Head_M. No bind poses in the hierarchy containing the object will be exported.
2022-07-26 23:51:52: LOG: [WARNING] Constraints export failed - The scene contains constraints. Activate the Export constraints or Bake Animation options before exporting.

2022-07-26 23:51:52: LOG: [WARNING] Unsupported constraints export failed - The scene contains constraints that are not supported by the FBX file format. Activate the Bake Animation option before exporting.

2022-07-26 23:51:53: LOG: Export: Z:/Art/1_Assets/2_Rig/SkinnedMeshes/Player/Bip/FBX/SK_Player_Head_000.fbx
2022-07-26 23:51:53: LOG: [WARNING] Skin Definition - The plug-in has found the following skin definition problems :  Unable to find the bind pose for :  / Group / DeformationSystem / Root_M / Spine1_M / Chest_M / Neck_M / Head_M. No bind poses in the hierarchy containing the object will be exported.
2022-07-26 23:51:53: LOG: [WARNING] Constraints export failed - The scene contains constraints. Activate the Export constraints or Bake Animation options before exporting.

2022-07-26 23:51:53: LOG: [WARNING] Unsupported constraints export failed - The scene contains constraints that are not supported by the FBX file format. Activate the Bake Animation option before exporting.

2022-07-26 23:51:54: LOG: Export: Z:/Art/1_Assets/2_Rig/SkinnedMeshes/Player/Bip/FBX/SK_Player_Armor_001.fbx
2022-07-26 23:51:55: LOG: [WARNING] Skin Definition - The plug-in has found the following skin definition problems :  Unable to find the bind pose for :  / Group / DeformationSystem / Root_M / Spine1_M / Chest_M / Neck_M / Head_M. No bind poses in the hierarchy containing the object will be exported. Unable to find the bind pose for :  / Group / DeformationSystem / Root_M / Hip_L / Knee_L. Use the DAG node current transform. Unable to find the bind pose for :  / Group / DeformationSystem / Root_M / Hip_R / Knee_R / Ankle_R. No bind poses in the hierarchy containing the object will be exported. Unable to find the bind pose for :  / Group / DeformationSystem / Root_M / Spine1_M / Chest_M / Scapula_R / Shoulder_R / Elbow_R / ElbowPart1_R / Wrist_R / IndexFinger1_R. Use the DAG node current transform.
2022-07-26 23:51:55: LOG: [WARNING] Constraints export failed - The scene contains constraints. Activate the Export constraints or Bake Animation options before exporting.

2022-07-26 23:51:55: LOG: [WARNING] Unsupported constraints export failed - The scene contains constraints that are not supported by the FBX file format. Activate the Bake Animation option before exporting.

2022-07-26 23:54:17: LOG: Export: Z:/Art/1_Assets/2_Rig/SkinnedMeshes/Player/Bip/FBX/SK_Player_Armor_001.fbx
2022-07-26 23:54:17: LOG: [WARNING] Skin Definition - The plug-in has found the following skin definition problems :  Unable to find the bind pose for :  / Group / DeformationSystem / Root_M / Spine1_M / Chest_M / Neck_M / Head_M. No bind poses in the hierarchy containing the object will be exported. Unable to find the bind pose for :  / Group / DeformationSystem / Root_M / Hip_L / Knee_L. Use the DAG node current transform. Unable to find the bind pose for :  / Group / DeformationSystem / Root_M / Hip_R / Knee_R / Ankle_R. No bind poses in the hierarchy containing the object will be exported. Unable to find the bind pose for :  / Group / DeformationSystem / Root_M / Spine1_M / Chest_M / Scapula_R / Shoulder_R / Elbow_R / ElbowPart1_R / Wrist_R / IndexFinger1_R. Use the DAG node current transform.
2022-07-26 23:54:17: LOG: [WARNING] Constraints export failed - The scene contains constraints. Activate the Export constraints or Bake Animation options before exporting.

2022-07-26 23:54:17: LOG: [WARNING] Unsupported constraints export failed - The scene contains constraints that are not supported by the FBX file format. Activate the Bake Animation option before exporting.

2022-07-26 23:54:18: LOG: Export: Z:/Art/1_Assets/2_Rig/SkinnedMeshes/Player/Bip/FBX/SK_Player_Head_000.fbx
2022-07-26 23:54:19: LOG: [WARNING] Skin Definition - The plug-in has found the following skin definition problems :  Unable to find the bind pose for :  / Group / DeformationSystem / Root_M / Spine1_M / Chest_M / Neck_M / Head_M. No bind poses in the hierarchy containing the object will be exported.
2022-07-26 23:54:19: LOG: [WARNING] Constraints export failed - The scene contains constraints. Activate the Export constraints or Bake Animation options before exporting.

2022-07-26 23:54:19: LOG: [WARNING] Unsupported constraints export failed - The scene contains constraints that are not supported by the FBX file format. Activate the Bake Animation option before exporting.

2022-07-26 23:54:20: LOG: Export: Z:/Art/1_Assets/2_Rig/SkinnedMeshes/Player/Bip/FBX/SK_Player_Armor_000.fbx
2022-07-26 23:54:20: LOG: [WARNING] Skin Definition - The plug-in has found the following skin definition problems :  Unable to find the bind pose for :  / Group / DeformationSystem / Root_M / Spine1_M / Chest_M / Neck_M / Head_M. No bind poses in the hierarchy containing the object will be exported. Unable to find the bind pose for :  / Group / DeformationSystem / Root_M / Hip_R / Knee_R / Ankle_R / Toes_R. No bind poses in the hierarchy containing the object will be exported. Unable to find the bind pose for :  / Group / DeformationSystem / Root_M / Hip_R / Knee_R / Ankle_R. Use the DAG node current transform. Unable to find the bind pose for :  / Group / DeformationSystem / Root_M / Hip_L / Knee_L. Use the DAG node current transform. Unable to find the bind pose for :  / Group / DeformationSystem / Root_M / Spine1_M / Chest_M / Scapula_R / Shoulder_R / Elbow_R / ElbowPart1_R / Wrist_R / IndexFinger1_R. Use the DAG node current transform.
2022-07-26 23:54:20: LOG: [WARNING] Constraints export failed - The scene contains constraints. Activate the Export constraints or Bake Animation options before exporting.

2022-07-26 23:54:20: LOG: [WARNING] Unsupported constraints export failed - The scene contains constraints that are not supported by the FBX file format. Activate the Bake Animation option before exporting.

2022-07-26 23:54:21: LOG: Export: Z:/Art/1_Assets/2_Rig/SkinnedMeshes/Player/Bip/FBX/SK_Player_Hair_000.fbx
2022-07-26 23:54:21: LOG: [WARNING] Skin Definition - The plug-in has found the following skin definition problems :  Unable to find the bind pose for :  / Group / DeformationSystem / Root_M / Spine1_M / Chest_M / Neck_M / Head_M. No bind poses in the hierarchy containing the object will be exported.
2022-07-26 23:54:21: LOG: [WARNING] Constraints export failed - The scene contains constraints. Activate the Export constraints or Bake Animation options before exporting.

2022-07-26 23:54:21: LOG: [WARNING] Unsupported constraints export failed - The scene contains constraints that are not supported by the FBX file format. Activate the Bake Animation option before exporting.

