2022-07-26 23:55:29: LOG: Import: Z:/Art/1_Assets/2_Rig/SkinnedMeshes/Player/Bip/FBX/SK_Player_Armor_000.fbx
2022-07-26 23:55:30: LOG: [WARNING] BindPose - Incomplete BindPose [nodes parents] - The following parent and/or ancestor node(s) is/are not part of the BindPose definition. Armor_000 Geometry
2022-07-26 23:55:47: LOG: Import: Z:/Art/1_Assets/2_Rig/SkinnedMeshes/Player/Bip/FBX/SK_Player_Armor_001.fbx
2022-07-26 23:55:48: LOG: [WARNING] BindPose - Incomplete BindPose [nodes parents] - The following parent and/or ancestor node(s) is/are not part of the BindPose definition. Armor_001 Geometry
2022-07-26 23:55:59: LOG: Import: Z:/Art/1_Assets/2_Rig/SkinnedMeshes/Player/Bip/FBX/SK_Player_Hair_000.fbx
2022-07-26 23:56:00: LOG: [WARNING] BindPose - Incomplete BindPose [nodes parents] - The following parent and/or ancestor node(s) is/are not part of the BindPose definition. Hair_000 Geometry
2022-07-26 23:56:18: LOG: Import: Z:/Art/1_Assets/2_Rig/SkinnedMeshes/Player/Bip/FBX/SK_Player_Head_000.fbx
2022-07-26 23:56:19: LOG: [WARNING] BindPose - Incomplete BindPose [nodes parents] - The following parent and/or ancestor node(s) is/are not part of the BindPose definition. Head_000 Geometry
2022-07-28 16:10:17: LOG: Import: Z:/toWoo/SK_Player_Hair_000.fbx
2022-07-28 16:10:17: LOG: [WARNING] BindPose - Incomplete BindPose [nodes parents] - The following parent and/or ancestor node(s) is/are not part of the BindPose definition. Hair_000 Geometry
2022-07-28 16:20:40: LOG: Import: Z:/Art/1_Assets/2_Rig/SkinnedMeshes/Player/Acs/Hair/SK_Player_Hair_000/FBX/SK_Player_Hair_000.fbx
2022-07-28 16:20:40: LOG: [WARNING] BindPose - Incomplete BindPose [nodes parents] - The following parent and/or ancestor node(s) is/are not part of the BindPose definition. Hair_000 Geometry
2022-07-28 16:24:16: LOG: Import: Z:/toWoo/SK_Player_Armor_000.fbx
2022-07-28 16:24:17: LOG: [WARNING] BindPose - Incomplete BindPose [nodes parents] - The following parent and/or ancestor node(s) is/are not part of the BindPose definition. Armor_000 Geometry
2022-07-28 16:24:22: LOG: Import: Z:/toWoo/SK_Player_Armor_001.fbx
2022-07-28 16:24:22: LOG: [WARNING] BindPose - Incomplete BindPose [nodes parents] - The following parent and/or ancestor node(s) is/are not part of the BindPose definition. Armor_001 Geometry
2022-07-28 16:30:07: LOG: Import: Z:/toWoo/SK_Player_Weapon_Bow_001.fbx
2022-07-28 16:30:08: LOG: [WARNING] BindPose - Incomplete BindPose [nodes parents] - The following parent and/or ancestor node(s) is/are not part of the BindPose definition. Geometry
2022-07-28 16:31:21: LOG: Import: Z:/toWoo/SK_Player_Armor_000.fbx
2022-07-28 16:31:22: LOG: [WARNING] BindPose - Incomplete BindPose [nodes parents] - The following parent and/or ancestor node(s) is/are not part of the BindPose definition. Armor_000 Geometry
2022-07-28 16:32:50: LOG: Import: Z:/toWoo/SK_Player_Hair_000.fbx
2022-07-28 16:32:50: LOG: [WARNING] BindPose - Incomplete BindPose [nodes parents] - The following parent and/or ancestor node(s) is/are not part of the BindPose definition. Hair_000 Geometry
2022-07-28 16:35:12: LOG: Import: Z:/toWoo/SK_Player_Armor_000.fbx
2022-07-28 16:35:13: LOG: [WARNING] BindPose - Incomplete BindPose [nodes parents] - The following parent and/or ancestor node(s) is/are not part of the BindPose definition. Armor_000 Geometry
2022-07-28 16:35:42: LOG: Import: G:/共用雲端硬碟/Endless Clouds Shared/Art/1_Assets/2_Rig/SkinnedMeshes/Player/Bip/FBX/SK_Player_Armor_000.fbx
2022-07-28 16:35:43: LOG: [WARNING] BindPose - Incomplete BindPose [nodes parents] - The following parent and/or ancestor node(s) is/are not part of the BindPose definition. Armor_000 Geometry
2022-07-28 16:35:46: LOG: Import: G:/共用雲端硬碟/Endless Clouds Shared/Art/1_Assets/2_Rig/SkinnedMeshes/Player/Bip/FBX/SK_Player_Armor_001.fbx
2022-07-28 16:35:47: LOG: [WARNING] BindPose - Incomplete BindPose [nodes parents] - The following parent and/or ancestor node(s) is/are not part of the BindPose definition. Armor_001 Geometry
2022-07-28 16:37:51: LOG: Import: Z:/Art/1_Assets/2_Rig/SkinnedMeshes/Player/Bip/FBX/SK_Player_Armor_000.fbx
2022-07-28 16:37:52: LOG: [WARNING] BindPose - Incomplete BindPose [nodes parents] - The following parent and/or ancestor node(s) is/are not part of the BindPose definition. Armor_000 Geometry
2022-07-28 16:37:59: LOG: Import: Z:/Art/1_Assets/2_Rig/SkinnedMeshes/Player/Bip/FBX/SK_Player_Armor_001.fbx
2022-07-28 16:37:59: LOG: [WARNING] BindPose - Incomplete BindPose [nodes parents] - The following parent and/or ancestor node(s) is/are not part of the BindPose definition. Armor_001 Geometry
2022-07-28 16:39:49: LOG: Import: Z:/Art/1_Assets/2_Rig/SkinnedMeshes/Player/Bip/FBX/SK_Player_Armor_001.fbx
2022-07-28 16:39:50: LOG: [WARNING] BindPose - Incomplete BindPose [nodes parents] - The following parent and/or ancestor node(s) is/are not part of the BindPose definition. Armor_001 Geometry
2022-07-28 16:40:25: LOG: Import: Z:/toWoo/SK_Player_Armor_001.fbx
2022-07-28 16:40:25: LOG: [WARNING] BindPose - Incomplete BindPose [nodes parents] - The following parent and/or ancestor node(s) is/are not part of the BindPose definition. Armor_001 Geometry
2022-07-28 23:59:01: LOG: Import: Z:/Art/1_Assets/3_Animation/01_Characters/FIXSPACE/FBX/ANI_Player_Hatchet_Attack_001.fbx
2022-07-28 23:59:29: LOG: Import: Z:/Art/1_Assets/3_Animation/01_Characters/FIXSPACE/FBX/ANI_Player_Hatchet_Attack_002.fbx
2022-07-28 23:59:47: LOG: Import: Z:/Art/1_Assets/3_Animation/01_Characters/FIXSPACE/FBX/ANI_Player_Hatchet_Attack_003.fbx
2022-07-29 00:00:04: LOG: Import: Z:/Art/1_Assets/3_Animation/01_Characters/FIXSPACE/FBX/ANI_Player_Hatchet_Attack010203_.fbx
2022-07-29 00:00:25: LOG: Import: Z:/Art/1_Assets/3_Animation/01_Characters/FIXSPACE/FBX/ANI_Player_Hatchet_Idle_.fbx
2022-07-29 00:00:41: LOG: Import: Z:/Art/1_Assets/3_Animation/01_Characters/FIXSPACE/FBX/ANI_Player_Hatchet_Move_.fbx
2022-07-29 00:00:56: LOG: Import: Z:/Art/1_Assets/3_Animation/01_Characters/FIXSPACE/FBX/ANI_Player_Hatchet_Skill_003.fbx
2022-07-29 00:01:20: LOG: Import: Z:/Art/1_Assets/3_Animation/01_Characters/FIXSPACE/FBX/ANI_Player_Hatchet_Attack_001.fbx
2022-07-29 03:13:57: LOG: Import: Z:/Art/1_Assets/3_Animation/toWoo/ANI_Player_Shield_Idle_pose.fbx
2022-07-29 03:14:15: LOG: Import: Z:/Art/1_Assets/3_Animation/toWoo/ANI_Player_PrimeStone_Idle_pose.fbx
2022-07-29 03:14:22: LOG: Import: Z:/Art/1_Assets/3_Animation/toWoo/ANI_Player_Hatchet_Move.fbx
